<?xml version="1.0" encoding="UTF-8"?>
<testsuite name="BullsCowsTest" tests="1" skipped="0" failures="0" errors="0" timestamp="2023-05-30T14:02:48" hostname="DESKTOP-LMD33II" time="0.1">
  <properties/>
  <testcase name="start" classname="BullsCowsTest" time="0.1"/>
  <system-out><![CDATA[?[1;31m
Start test 1?[0m
> 4

?[1;31m
Start test 2?[0m
> 1

?[1;31m
Start test 3?[0m
> 11

?[1;31m
Start test 4?[0m
> 6

?[1;31m
Start test 5?[0m
> 3

]]></system-out>
  <system-err><![CDATA[]]></system-err>
</testsuite>
