<?xml version="1.0" encoding="UTF-8"?>
<testsuite name="BullsCowsTest" tests="1" skipped="0" failures="0" errors="0" timestamp="2023-07-31T18:18:18" hostname="DESKTOP-LMD33II" time="3.404">
  <properties/>
  <testcase name="start" classname="BullsCowsTest" time="3.404"/>
  <system-out><![CDATA[?[1;31m
Start test 1?[0m
Please, enter the secret code's length:
> 1
1
Okay, let's start the game!
Turn 1: 
> 0
Grade: None.
Turn 2: 
> 1
Grade: 1 bulls.
?[1;31m
Start test 2?[0m
Please, enter the secret code's length:
> 4
5566
1195
Okay, let's start the game!
Turn 1: 
> 0000
Grade: None.
Turn 2: 
> 1111
Grade: 1 bull(s) 3 cow(s).
Turn 3: 
> 2222
Grade: None.
Turn 4: 
> 3333
Grade: None.
Turn 5: 
> 4444
Grade: None.
Turn 6: 
> 5555
Grade: 1 bull(s) 3 cow(s).
Turn 7: 
> 6666
Grade: 1 bull(s) 3 cow(s).
Turn 8: 
> 7777
Grade: None.
Turn 9: 
> 8888
Grade: None.
Turn 10: 
> 9999
Grade: 1 bull(s) 3 cow(s).
Turn 11: 
> 1569
Grade: 1 bull(s) 3 cow(s).
Turn 12: 
> 5169
Grade: 2 bull(s) 2 cow(s).
Turn 13: 
> 6159
Grade: 1 bull(s) 3 cow(s).
Turn 14: 
> 1659
Grade: 2 bull(s) 2 cow(s).
Turn 15: 
> 5619
Grade: 4 bulls.
?[1;31m
Start test 3?[0m
Please, enter the secret code's length:
> 6
823366
561567
Okay, let's start the game!
Turn 1: 
> 000000
Grade: None.
Turn 2: 
> 111111
Grade: 1 bull(s) 5 cow(s).
Turn 3: 
> 222222
Grade: 1 bull(s) 5 cow(s).
Turn 4: 
> 333333
Grade: 1 bull(s) 5 cow(s).
Turn 5: 
> 444444
Grade: None.
Turn 6: 
> 555555
Grade: 1 bull(s) 5 cow(s).
Turn 7: 
> 666666
Grade: 1 bull(s) 5 cow(s).
Turn 8: 
> 777777
Grade: None.
Turn 9: 
> 888888
Grade: 1 bull(s) 5 cow(s).
Turn 10: 
> 123568
Grade: 2 bull(s) 4 cow(s).
Turn 11: 
> 213568
Grade: 1 bull(s) 5 cow(s).
Turn 12: 
> 312568
Grade: 6 cow(s).
Turn 13: 
> 132568
Grade: 6 cow(s).
Turn 14: 
> 231568
Grade: 6 cow(s).
Turn 15: 
> 321568
Grade: 1 bull(s) 5 cow(s).
Turn 16: 
> 521368
Grade: 1 bull(s) 5 cow(s).
Turn 17: 
> 251368
Grade: 6 cow(s).
Turn 18: 
> 152368
Grade: 6 cow(s).
Turn 19: 
> 512368
Grade: 6 cow(s).
Turn 20: 
> 215368
Grade: 6 cow(s).
Turn 21: 
> 125368
Grade: 1 bull(s) 5 cow(s).
Turn 22: 
> 135268
Grade: 6 cow(s).
Turn 23: 
> 315268
Grade: 6 cow(s).
Turn 24: 
> 513268
Grade: 1 bull(s) 5 cow(s).
Turn 25: 
> 153268
Grade: 1 bull(s) 5 cow(s).
Turn 26: 
> 351268
Grade: 6 cow(s).
Turn 27: 
> 531268
Grade: 6 cow(s).
Turn 28: 
> 532168
Grade: 6 cow(s).
Turn 29: 
> 352168
Grade: 6 cow(s).
Turn 30: 
> 253168
Grade: 1 bull(s) 5 cow(s).
Turn 31: 
> 523168
Grade: 2 bull(s) 4 cow(s).
Turn 32: 
> 325168
Grade: 1 bull(s) 5 cow(s).
Turn 33: 
> 235168
Grade: 6 cow(s).
Turn 34: 
> 635128
Grade: 6 cow(s).
Turn 35: 
> 365128
Grade: 6 cow(s).
Turn 36: 
> 563128
Grade: 1 bull(s) 5 cow(s).
Turn 37: 
> 653128
Grade: 1 bull(s) 5 cow(s).
Turn 38: 
> 356128
Grade: 6 cow(s).
Turn 39: 
> 536128
Grade: 6 cow(s).
Turn 40: 
> 136528
Grade: 6 cow(s).
Turn 41: 
> 316528
Grade: 6 cow(s).
Turn 42: 
> 613528
Grade: 1 bull(s) 5 cow(s).
Turn 43: 
> 163528
Grade: 1 bull(s) 5 cow(s).
Turn 44: 
> 361528
Grade: 6 cow(s).
Turn 45: 
> 631528
Grade: 6 cow(s).
Turn 46: 
> 651328
Grade: 6 cow(s).
Turn 47: 
> 561328
Grade: 6 cow(s).
Turn 48: 
> 165328
Grade: 6 cow(s).
Turn 49: 
> 615328
Grade: 6 cow(s).
Turn 50: 
> 516328
Grade: 6 cow(s).
Turn 51: 
> 156328
Grade: 6 cow(s).
Turn 52: 
> 153628
Grade: 2 bull(s) 4 cow(s).
Turn 53: 
> 513628
Grade: 2 bull(s) 4 cow(s).
Turn 54: 
> 315628
Grade: 1 bull(s) 5 cow(s).
Turn 55: 
> 135628
Grade: 1 bull(s) 5 cow(s).
Turn 56: 
> 531628
Grade: 1 bull(s) 5 cow(s).
Turn 57: 
> 351628
Grade: 1 bull(s) 5 cow(s).
Turn 58: 
> 251638
Grade: 1 bull(s) 5 cow(s).
Turn 59: 
> 521638
Grade: 2 bull(s) 4 cow(s).
Turn 60: 
> 125638
Grade: 2 bull(s) 4 cow(s).
Turn 61: 
> 215638
Grade: 1 bull(s) 5 cow(s).
Turn 62: 
> 512638
Grade: 1 bull(s) 5 cow(s).
Turn 63: 
> 152638
Grade: 1 bull(s) 5 cow(s).
Turn 64: 
> 652138
Grade: 6 cow(s).
Turn 65: 
> 562138
Grade: 6 cow(s).
Turn 66: 
> 265138
Grade: 6 cow(s).
Turn 67: 
> 625138
Grade: 1 bull(s) 5 cow(s).
Turn 68: 
> 526138
Grade: 1 bull(s) 5 cow(s).
Turn 69: 
> 256138
Grade: 6 cow(s).
Turn 70: 
> 216538
Grade: 6 cow(s).
Turn 71: 
> 126538
Grade: 1 bull(s) 5 cow(s).
Turn 72: 
> 621538
Grade: 1 bull(s) 5 cow(s).
Turn 73: 
> 261538
Grade: 6 cow(s).
Turn 74: 
> 162538
Grade: 6 cow(s).
Turn 75: 
> 612538
Grade: 6 cow(s).
Turn 76: 
> 615238
Grade: 6 cow(s).
Turn 77: 
> 165238
Grade: 6 cow(s).
Turn 78: 
> 561238
Grade: 6 cow(s).
Turn 79: 
> 651238
Grade: 6 cow(s).
Turn 80: 
> 156238
Grade: 6 cow(s).
Turn 81: 
> 516238
Grade: 6 cow(s).
Turn 82: 
> 316258
Grade: 1 bull(s) 5 cow(s).
Turn 83: 
> 136258
Grade: 1 bull(s) 5 cow(s).
Turn 84: 
> 631258
Grade: 1 bull(s) 5 cow(s).
Turn 85: 
> 361258
Grade: 1 bull(s) 5 cow(s).
Turn 86: 
> 163258
Grade: 2 bull(s) 4 cow(s).
Turn 87: 
> 613258
Grade: 2 bull(s) 4 cow(s).
Turn 88: 
> 213658
Grade: 3 bull(s) 3 cow(s).
Turn 89: 
> 123658
Grade: 4 bull(s) 2 cow(s).
Turn 90: 
> 321658
Grade: 3 bull(s) 3 cow(s).
Turn 91: 
> 231658
Grade: 2 bull(s) 4 cow(s).
Turn 92: 
> 132658
Grade: 2 bull(s) 4 cow(s).
Turn 93: 
> 312658
Grade: 2 bull(s) 4 cow(s).
Turn 94: 
> 362158
Grade: 1 bull(s) 5 cow(s).
Turn 95: 
> 632158
Grade: 1 bull(s) 5 cow(s).
Turn 96: 
> 236158
Grade: 1 bull(s) 5 cow(s).
Turn 97: 
> 326158
Grade: 2 bull(s) 4 cow(s).
Turn 98: 
> 623158
Grade: 3 bull(s) 3 cow(s).
Turn 99: 
> 263158
Grade: 2 bull(s) 4 cow(s).
Turn 100: 
> 261358
Grade: 1 bull(s) 5 cow(s).
Turn 101: 
> 621358
Grade: 2 bull(s) 4 cow(s).
Turn 102: 
> 126358
Grade: 2 bull(s) 4 cow(s).
Turn 103: 
> 216358
Grade: 1 bull(s) 5 cow(s).
Turn 104: 
> 612358
Grade: 1 bull(s) 5 cow(s).
Turn 105: 
> 162358
Grade: 1 bull(s) 5 cow(s).
Turn 106: 
> 562318
Grade: 6 cow(s).
Turn 107: 
> 652318
Grade: 6 cow(s).
Turn 108: 
> 256318
Grade: 6 cow(s).
Turn 109: 
> 526318
Grade: 1 bull(s) 5 cow(s).
Turn 110: 
> 625318
Grade: 1 bull(s) 5 cow(s).
Turn 111: 
> 265318
Grade: 6 cow(s).
Turn 112: 
> 365218
Grade: 6 cow(s).
Turn 113: 
> 635218
Grade: 6 cow(s).
Turn 114: 
> 536218
Grade: 6 cow(s).
Turn 115: 
> 356218
Grade: 6 cow(s).
Turn 116: 
> 653218
Grade: 1 bull(s) 5 cow(s).
Turn 117: 
> 563218
Grade: 1 bull(s) 5 cow(s).
Turn 118: 
> 523618
Grade: 3 bull(s) 3 cow(s).
Turn 119: 
> 253618
Grade: 2 bull(s) 4 cow(s).
Turn 120: 
> 352618
Grade: 1 bull(s) 5 cow(s).
Turn 121: 
> 532618
Grade: 1 bull(s) 5 cow(s).
Turn 122: 
> 235618
Grade: 1 bull(s) 5 cow(s).
Turn 123: 
> 325618
Grade: 2 bull(s) 4 cow(s).
Turn 124: 
> 326518
Grade: 1 bull(s) 5 cow(s).
Turn 125: 
> 236518
Grade: 6 cow(s).
Turn 126: 
> 632518
Grade: 6 cow(s).
Turn 127: 
> 362518
Grade: 6 cow(s).
Turn 128: 
> 263518
Grade: 1 bull(s) 5 cow(s).
Turn 129: 
> 623518
Grade: 2 bull(s) 4 cow(s).
Turn 130: 
> 823516
Grade: 3 bull(s) 3 cow(s).
Turn 131: 
> 283516
Grade: 1 bull(s) 5 cow(s).
Turn 132: 
> 382516
Grade: 6 cow(s).
Turn 133: 
> 832516
Grade: 1 bull(s) 5 cow(s).
Turn 134: 
> 238516
Grade: 6 cow(s).
Turn 135: 
> 328516
Grade: 1 bull(s) 5 cow(s).
Turn 136: 
> 528316
Grade: 1 bull(s) 5 cow(s).
Turn 137: 
> 258316
Grade: 6 cow(s).
Turn 138: 
> 852316
Grade: 1 bull(s) 5 cow(s).
Turn 139: 
> 582316
Grade: 6 cow(s).
Turn 140: 
> 285316
Grade: 6 cow(s).
Turn 141: 
> 825316
Grade: 2 bull(s) 4 cow(s).
Turn 142: 
> 835216
Grade: 1 bull(s) 5 cow(s).
Turn 143: 
> 385216
Grade: 6 cow(s).
Turn 144: 
> 583216
Grade: 1 bull(s) 5 cow(s).
Turn 145: 
> 853216
Grade: 2 bull(s) 4 cow(s).
Turn 146: 
> 358216
Grade: 6 cow(s).
Turn 147: 
> 538216
Grade: 6 cow(s).
Turn 148: 
> 532816
Grade: 6 cow(s).
Turn 149: 
> 352816
Grade: 6 cow(s).
Turn 150: 
> 253816
Grade: 1 bull(s) 5 cow(s).
Turn 151: 
> 523816
Grade: 2 bull(s) 4 cow(s).
Turn 152: 
> 325816
Grade: 1 bull(s) 5 cow(s).
Turn 153: 
> 235816
Grade: 6 cow(s).
Turn 154: 
> 135826
Grade: 6 cow(s).
Turn 155: 
> 315826
Grade: 6 cow(s).
Turn 156: 
> 513826
Grade: 1 bull(s) 5 cow(s).
Turn 157: 
> 153826
Grade: 1 bull(s) 5 cow(s).
Turn 158: 
> 351826
Grade: 6 cow(s).
Turn 159: 
> 531826
Grade: 6 cow(s).
Turn 160: 
> 831526
Grade: 1 bull(s) 5 cow(s).
Turn 161: 
> 381526
Grade: 6 cow(s).
Turn 162: 
> 183526
Grade: 1 bull(s) 5 cow(s).
Turn 163: 
> 813526
Grade: 2 bull(s) 4 cow(s).
Turn 164: 
> 318526
Grade: 6 cow(s).
Turn 165: 
> 138526
Grade: 6 cow(s).
Turn 166: 
> 158326
Grade: 6 cow(s).
Turn 167: 
> 518326
Grade: 6 cow(s).
Turn 168: 
> 815326
Grade: 1 bull(s) 5 cow(s).
Turn 169: 
> 185326
Grade: 6 cow(s).
Turn 170: 
> 581326
Grade: 6 cow(s).
Turn 171: 
> 851326
Grade: 1 bull(s) 5 cow(s).
Turn 172: 
> 853126
Grade: 2 bull(s) 4 cow(s).
Turn 173: 
> 583126
Grade: 1 bull(s) 5 cow(s).
Turn 174: 
> 385126
Grade: 6 cow(s).
Turn 175: 
> 835126
Grade: 1 bull(s) 5 cow(s).
Turn 176: 
> 538126
Grade: 6 cow(s).
Turn 177: 
> 358126
Grade: 6 cow(s).
Turn 178: 
> 258136
Grade: 6 cow(s).
Turn 179: 
> 528136
Grade: 1 bull(s) 5 cow(s).
Turn 180: 
> 825136
Grade: 2 bull(s) 4 cow(s).
Turn 181: 
> 285136
Grade: 6 cow(s).
Turn 182: 
> 582136
Grade: 6 cow(s).
Turn 183: 
> 852136
Grade: 1 bull(s) 5 cow(s).
Turn 184: 
> 152836
Grade: 6 cow(s).
Turn 185: 
> 512836
Grade: 6 cow(s).
Turn 186: 
> 215836
Grade: 6 cow(s).
Turn 187: 
> 125836
Grade: 1 bull(s) 5 cow(s).
Turn 188: 
> 521836
Grade: 1 bull(s) 5 cow(s).
Turn 189: 
> 251836
Grade: 6 cow(s).
Turn 190: 
> 281536
Grade: 6 cow(s).
Turn 191: 
> 821536
Grade: 2 bull(s) 4 cow(s).
Turn 192: 
> 128536
Grade: 1 bull(s) 5 cow(s).
Turn 193: 
> 218536
Grade: 6 cow(s).
Turn 194: 
> 812536
Grade: 1 bull(s) 5 cow(s).
Turn 195: 
> 182536
Grade: 6 cow(s).
Turn 196: 
> 185236
Grade: 6 cow(s).
Turn 197: 
> 815236
Grade: 1 bull(s) 5 cow(s).
Turn 198: 
> 518236
Grade: 6 cow(s).
Turn 199: 
> 158236
Grade: 6 cow(s).
Turn 200: 
> 851236
Grade: 1 bull(s) 5 cow(s).
Turn 201: 
> 581236
Grade: 6 cow(s).
Turn 202: 
> 381256
Grade: 1 bull(s) 5 cow(s).
Turn 203: 
> 831256
Grade: 2 bull(s) 4 cow(s).
Turn 204: 
> 138256
Grade: 1 bull(s) 5 cow(s).
Turn 205: 
> 318256
Grade: 1 bull(s) 5 cow(s).
Turn 206: 
> 813256
Grade: 3 bull(s) 3 cow(s).
Turn 207: 
> 183256
Grade: 2 bull(s) 4 cow(s).
Turn 208: 
> 283156
Grade: 2 bull(s) 4 cow(s).
Turn 209: 
> 823156
Grade: 4 bull(s) 2 cow(s).
Turn 210: 
> 328156
Grade: 2 bull(s) 4 cow(s).
Turn 211: 
> 238156
Grade: 1 bull(s) 5 cow(s).
Turn 212: 
> 832156
Grade: 2 bull(s) 4 cow(s).
Turn 213: 
> 382156
Grade: 1 bull(s) 5 cow(s).
Turn 214: 
> 312856
Grade: 1 bull(s) 5 cow(s).
Turn 215: 
> 132856
Grade: 1 bull(s) 5 cow(s).
Turn 216: 
> 231856
Grade: 1 bull(s) 5 cow(s).
Turn 217: 
> 321856
Grade: 2 bull(s) 4 cow(s).
Turn 218: 
> 123856
Grade: 3 bull(s) 3 cow(s).
Turn 219: 
> 213856
Grade: 2 bull(s) 4 cow(s).
Turn 220: 
> 218356
Grade: 1 bull(s) 5 cow(s).
Turn 221: 
> 128356
Grade: 2 bull(s) 4 cow(s).
Turn 222: 
> 821356
Grade: 3 bull(s) 3 cow(s).
Turn 223: 
> 281356
Grade: 1 bull(s) 5 cow(s).
Turn 224: 
> 182356
Grade: 1 bull(s) 5 cow(s).
Turn 225: 
> 812356
Grade: 2 bull(s) 4 cow(s).
Turn 226: 
> 512386
Grade: 6 cow(s).
Turn 227: 
> 152386
Grade: 6 cow(s).
Turn 228: 
> 251386
Grade: 6 cow(s).
Turn 229: 
> 521386
Grade: 1 bull(s) 5 cow(s).
Turn 230: 
> 125386
Grade: 1 bull(s) 5 cow(s).
Turn 231: 
> 215386
Grade: 6 cow(s).
Turn 232: 
> 315286
Grade: 6 cow(s).
Turn 233: 
> 135286
Grade: 6 cow(s).
Turn 234: 
> 531286
Grade: 6 cow(s).
Turn 235: 
> 351286
Grade: 6 cow(s).
Turn 236: 
> 153286
Grade: 1 bull(s) 5 cow(s).
Turn 237: 
> 513286
Grade: 1 bull(s) 5 cow(s).
Turn 238: 
> 523186
Grade: 2 bull(s) 4 cow(s).
Turn 239: 
> 253186
Grade: 1 bull(s) 5 cow(s).
Turn 240: 
> 352186
Grade: 6 cow(s).
Turn 241: 
> 532186
Grade: 6 cow(s).
Turn 242: 
> 235186
Grade: 6 cow(s).
Turn 243: 
> 325186
Grade: 1 bull(s) 5 cow(s).
Turn 244: 
> 321586
Grade: 1 bull(s) 5 cow(s).
Turn 245: 
> 231586
Grade: 6 cow(s).
Turn 246: 
> 132586
Grade: 6 cow(s).
Turn 247: 
> 312586
Grade: 6 cow(s).
Turn 248: 
> 213586
Grade: 1 bull(s) 5 cow(s).
Turn 249: 
> 123586
Grade: 2 bull(s) 4 cow(s).
Turn 250: 
> 163582
Grade: 1 bull(s) 5 cow(s).
Turn 251: 
> 613582
Grade: 1 bull(s) 5 cow(s).
Turn 252: 
> 316582
Grade: 6 cow(s).
Turn 253: 
> 136582
Grade: 6 cow(s).
Turn 254: 
> 631582
Grade: 6 cow(s).
Turn 255: 
> 361582
Grade: 6 cow(s).
Turn 256: 
> 561382
Grade: 6 cow(s).
Turn 257: 
> 651382
Grade: 6 cow(s).
Turn 258: 
> 156382
Grade: 6 cow(s).
Turn 259: 
> 516382
Grade: 6 cow(s).
Turn 260: 
> 615382
Grade: 6 cow(s).
Turn 261: 
> 165382
Grade: 6 cow(s).
Turn 262: 
> 135682
Grade: 1 bull(s) 5 cow(s).
Turn 263: 
> 315682
Grade: 1 bull(s) 5 cow(s).
Turn 264: 
> 513682
Grade: 2 bull(s) 4 cow(s).
Turn 265: 
> 153682
Grade: 2 bull(s) 4 cow(s).
Turn 266: 
> 351682
Grade: 1 bull(s) 5 cow(s).
Turn 267: 
> 531682
Grade: 1 bull(s) 5 cow(s).
Turn 268: 
> 536182
Grade: 6 cow(s).
Turn 269: 
> 356182
Grade: 6 cow(s).
Turn 270: 
> 653182
Grade: 1 bull(s) 5 cow(s).
Turn 271: 
> 563182
Grade: 1 bull(s) 5 cow(s).
Turn 272: 
> 365182
Grade: 6 cow(s).
Turn 273: 
> 635182
Grade: 6 cow(s).
Turn 274: 
> 835162
Grade: 1 bull(s) 5 cow(s).
Turn 275: 
> 385162
Grade: 6 cow(s).
Turn 276: 
> 583162
Grade: 1 bull(s) 5 cow(s).
Turn 277: 
> 853162
Grade: 2 bull(s) 4 cow(s).
Turn 278: 
> 358162
Grade: 6 cow(s).
Turn 279: 
> 538162
Grade: 6 cow(s).
Turn 280: 
> 138562
Grade: 6 cow(s).
Turn 281: 
> 318562
Grade: 6 cow(s).
Turn 282: 
> 813562
Grade: 2 bull(s) 4 cow(s).
Turn 283: 
> 183562
Grade: 1 bull(s) 5 cow(s).
Turn 284: 
> 381562
Grade: 6 cow(s).
Turn 285: 
> 831562
Grade: 1 bull(s) 5 cow(s).
Turn 286: 
> 851362
Grade: 1 bull(s) 5 cow(s).
Turn 287: 
> 581362
Grade: 6 cow(s).
Turn 288: 
> 185362
Grade: 6 cow(s).
Turn 289: 
> 815362
Grade: 1 bull(s) 5 cow(s).
Turn 290: 
> 518362
Grade: 6 cow(s).
Turn 291: 
> 158362
Grade: 6 cow(s).
Turn 292: 
> 153862
Grade: 1 bull(s) 5 cow(s).
Turn 293: 
> 513862
Grade: 1 bull(s) 5 cow(s).
Turn 294: 
> 315862
Grade: 6 cow(s).
Turn 295: 
> 135862
Grade: 6 cow(s).
Turn 296: 
> 531862
Grade: 6 cow(s).
Turn 297: 
> 351862
Grade: 6 cow(s).
Turn 298: 
> 651832
Grade: 6 cow(s).
Turn 299: 
> 561832
Grade: 6 cow(s).
Turn 300: 
> 165832
Grade: 6 cow(s).
Turn 301: 
> 615832
Grade: 6 cow(s).
Turn 302: 
> 516832
Grade: 6 cow(s).
Turn 303: 
> 156832
Grade: 6 cow(s).
Turn 304: 
> 856132
Grade: 1 bull(s) 5 cow(s).
Turn 305: 
> 586132
Grade: 6 cow(s).
Turn 306: 
> 685132
Grade: 6 cow(s).
Turn 307: 
> 865132
Grade: 1 bull(s) 5 cow(s).
Turn 308: 
> 568132
Grade: 6 cow(s).
Turn 309: 
> 658132
Grade: 6 cow(s).
Turn 310: 
> 618532
Grade: 6 cow(s).
Turn 311: 
> 168532
Grade: 6 cow(s).
Turn 312: 
> 861532
Grade: 1 bull(s) 5 cow(s).
Turn 313: 
> 681532
Grade: 6 cow(s).
Turn 314: 
> 186532
Grade: 6 cow(s).
Turn 315: 
> 816532
Grade: 1 bull(s) 5 cow(s).
Turn 316: 
> 815632
Grade: 2 bull(s) 4 cow(s).
Turn 317: 
> 185632
Grade: 1 bull(s) 5 cow(s).
Turn 318: 
> 581632
Grade: 1 bull(s) 5 cow(s).
Turn 319: 
> 851632
Grade: 2 bull(s) 4 cow(s).
Turn 320: 
> 158632
Grade: 1 bull(s) 5 cow(s).
Turn 321: 
> 518632
Grade: 1 bull(s) 5 cow(s).
Turn 322: 
> 318652
Grade: 2 bull(s) 4 cow(s).
Turn 323: 
> 138652
Grade: 2 bull(s) 4 cow(s).
Turn 324: 
> 831652
Grade: 3 bull(s) 3 cow(s).
Turn 325: 
> 381652
Grade: 2 bull(s) 4 cow(s).
Turn 326: 
> 183652
Grade: 3 bull(s) 3 cow(s).
Turn 327: 
> 813652
Grade: 4 bull(s) 2 cow(s).
Turn 328: 
> 613852
Grade: 2 bull(s) 4 cow(s).
Turn 329: 
> 163852
Grade: 2 bull(s) 4 cow(s).
Turn 330: 
> 361852
Grade: 1 bull(s) 5 cow(s).
Turn 331: 
> 631852
Grade: 1 bull(s) 5 cow(s).
Turn 332: 
> 136852
Grade: 1 bull(s) 5 cow(s).
Turn 333: 
> 316852
Grade: 1 bull(s) 5 cow(s).
Turn 334: 
> 386152
Grade: 1 bull(s) 5 cow(s).
Turn 335: 
> 836152
Grade: 2 bull(s) 4 cow(s).
Turn 336: 
> 638152
Grade: 1 bull(s) 5 cow(s).
Turn 337: 
> 368152
Grade: 1 bull(s) 5 cow(s).
Turn 338: 
> 863152
Grade: 3 bull(s) 3 cow(s).
Turn 339: 
> 683152
Grade: 2 bull(s) 4 cow(s).
Turn 340: 
> 681352
Grade: 1 bull(s) 5 cow(s).
Turn 341: 
> 861352
Grade: 2 bull(s) 4 cow(s).
Turn 342: 
> 168352
Grade: 1 bull(s) 5 cow(s).
Turn 343: 
> 618352
Grade: 1 bull(s) 5 cow(s).
Turn 344: 
> 816352
Grade: 2 bull(s) 4 cow(s).
Turn 345: 
> 186352
Grade: 1 bull(s) 5 cow(s).
Turn 346: 
> 586312
Grade: 6 cow(s).
Turn 347: 
> 856312
Grade: 1 bull(s) 5 cow(s).
Turn 348: 
> 658312
Grade: 6 cow(s).
Turn 349: 
> 568312
Grade: 6 cow(s).
Turn 350: 
> 865312
Grade: 1 bull(s) 5 cow(s).
Turn 351: 
> 685312
Grade: 6 cow(s).
Turn 352: 
> 385612
Grade: 1 bull(s) 5 cow(s).
Turn 353: 
> 835612
Grade: 2 bull(s) 4 cow(s).
Turn 354: 
> 538612
Grade: 1 bull(s) 5 cow(s).
Turn 355: 
> 358612
Grade: 1 bull(s) 5 cow(s).
Turn 356: 
> 853612
Grade: 3 bull(s) 3 cow(s).
Turn 357: 
> 583612
Grade: 2 bull(s) 4 cow(s).
Turn 358: 
> 563812
Grade: 1 bull(s) 5 cow(s).
Turn 359: 
> 653812
Grade: 1 bull(s) 5 cow(s).
Turn 360: 
> 356812
Grade: 6 cow(s).
Turn 361: 
> 536812
Grade: 6 cow(s).
Turn 362: 
> 635812
Grade: 6 cow(s).
Turn 363: 
> 365812
Grade: 6 cow(s).
Turn 364: 
> 368512
Grade: 6 cow(s).
Turn 365: 
> 638512
Grade: 6 cow(s).
Turn 366: 
> 836512
Grade: 1 bull(s) 5 cow(s).
Turn 367: 
> 386512
Grade: 6 cow(s).
Turn 368: 
> 683512
Grade: 1 bull(s) 5 cow(s).
Turn 369: 
> 863512
Grade: 2 bull(s) 4 cow(s).
Turn 370: 
> 862513
Grade: 1 bull(s) 5 cow(s).
Turn 371: 
> 682513
Grade: 6 cow(s).
Turn 372: 
> 286513
Grade: 6 cow(s).
Turn 373: 
> 826513
Grade: 2 bull(s) 4 cow(s).
Turn 374: 
> 628513
Grade: 1 bull(s) 5 cow(s).
Turn 375: 
> 268513
Grade: 6 cow(s).
Turn 376: 
> 568213
Grade: 6 cow(s).
Turn 377: 
> 658213
Grade: 6 cow(s).
Turn 378: 
> 856213
Grade: 1 bull(s) 5 cow(s).
Turn 379: 
> 586213
Grade: 6 cow(s).
Turn 380: 
> 685213
Grade: 6 cow(s).
Turn 381: 
> 865213
Grade: 1 bull(s) 5 cow(s).
Turn 382: 
> 825613
Grade: 3 bull(s) 3 cow(s).
Turn 383: 
> 285613
Grade: 1 bull(s) 5 cow(s).
Turn 384: 
> 582613
Grade: 1 bull(s) 5 cow(s).
Turn 385: 
> 852613
Grade: 2 bull(s) 4 cow(s).
Turn 386: 
> 258613
Grade: 1 bull(s) 5 cow(s).
Turn 387: 
> 528613
Grade: 2 bull(s) 4 cow(s).
Turn 388: 
> 526813
Grade: 1 bull(s) 5 cow(s).
Turn 389: 
> 256813
Grade: 6 cow(s).
Turn 390: 
> 652813
Grade: 6 cow(s).
Turn 391: 
> 562813
Grade: 6 cow(s).
Turn 392: 
> 265813
Grade: 6 cow(s).
Turn 393: 
> 625813
Grade: 1 bull(s) 5 cow(s).
Turn 394: 
> 125863
Grade: 1 bull(s) 5 cow(s).
Turn 395: 
> 215863
Grade: 6 cow(s).
Turn 396: 
> 512863
Grade: 6 cow(s).
Turn 397: 
> 152863
Grade: 6 cow(s).
Turn 398: 
> 251863
Grade: 6 cow(s).
Turn 399: 
> 521863
Grade: 1 bull(s) 5 cow(s).
Turn 400: 
> 821563
Grade: 2 bull(s) 4 cow(s).
Turn 401: 
> 281563
Grade: 6 cow(s).
Turn 402: 
> 182563
Grade: 6 cow(s).
Turn 403: 
> 812563
Grade: 1 bull(s) 5 cow(s).
Turn 404: 
> 218563
Grade: 6 cow(s).
Turn 405: 
> 128563
Grade: 1 bull(s) 5 cow(s).
Turn 406: 
> 158263
Grade: 6 cow(s).
Turn 407: 
> 518263
Grade: 6 cow(s).
Turn 408: 
> 815263
Grade: 1 bull(s) 5 cow(s).
Turn 409: 
> 185263
Grade: 6 cow(s).
Turn 410: 
> 581263
Grade: 6 cow(s).
Turn 411: 
> 851263
Grade: 1 bull(s) 5 cow(s).
Turn 412: 
> 852163
Grade: 1 bull(s) 5 cow(s).
Turn 413: 
> 582163
Grade: 6 cow(s).
Turn 414: 
> 285163
Grade: 6 cow(s).
Turn 415: 
> 825163
Grade: 2 bull(s) 4 cow(s).
Turn 416: 
> 528163
Grade: 1 bull(s) 5 cow(s).
Turn 417: 
> 258163
Grade: 6 cow(s).
Turn 418: 
> 658123
Grade: 6 cow(s).
Turn 419: 
> 568123
Grade: 6 cow(s).
Turn 420: 
> 865123
Grade: 1 bull(s) 5 cow(s).
Turn 421: 
> 685123
Grade: 6 cow(s).
Turn 422: 
> 586123
Grade: 6 cow(s).
Turn 423: 
> 856123
Grade: 1 bull(s) 5 cow(s).
Turn 424: 
> 156823
Grade: 6 cow(s).
Turn 425: 
> 516823
Grade: 6 cow(s).
Turn 426: 
> 615823
Grade: 6 cow(s).
Turn 427: 
> 165823
Grade: 6 cow(s).
Turn 428: 
> 561823
Grade: 6 cow(s).
Turn 429: 
> 651823
Grade: 6 cow(s).
Turn 430: 
> 681523
Grade: 6 cow(s).
Turn 431: 
> 861523
Grade: 1 bull(s) 5 cow(s).
Turn 432: 
> 168523
Grade: 6 cow(s).
Turn 433: 
> 618523
Grade: 6 cow(s).
Turn 434: 
> 816523
Grade: 1 bull(s) 5 cow(s).
Turn 435: 
> 186523
Grade: 6 cow(s).
Turn 436: 
> 185623
Grade: 1 bull(s) 5 cow(s).
Turn 437: 
> 815623
Grade: 2 bull(s) 4 cow(s).
Turn 438: 
> 518623
Grade: 1 bull(s) 5 cow(s).
Turn 439: 
> 158623
Grade: 1 bull(s) 5 cow(s).
Turn 440: 
> 851623
Grade: 2 bull(s) 4 cow(s).
Turn 441: 
> 581623
Grade: 1 bull(s) 5 cow(s).
Turn 442: 
> 281653
Grade: 2 bull(s) 4 cow(s).
Turn 443: 
> 821653
Grade: 4 bull(s) 2 cow(s).
Turn 444: 
> 128653
Grade: 3 bull(s) 3 cow(s).
Turn 445: 
> 218653
Grade: 2 bull(s) 4 cow(s).
Turn 446: 
> 812653
Grade: 3 bull(s) 3 cow(s).
Turn 447: 
> 182653
Grade: 2 bull(s) 4 cow(s).
Turn 448: 
> 682153
Grade: 1 bull(s) 5 cow(s).
Turn 449: 
> 862153
Grade: 2 bull(s) 4 cow(s).
Turn 450: 
> 268153
Grade: 1 bull(s) 5 cow(s).
Turn 451: 
> 628153
Grade: 2 bull(s) 4 cow(s).
Turn 452: 
> 826153
Grade: 3 bull(s) 3 cow(s).
Turn 453: 
> 286153
Grade: 1 bull(s) 5 cow(s).
Turn 454: 
> 216853
Grade: 1 bull(s) 5 cow(s).
Turn 455: 
> 126853
Grade: 2 bull(s) 4 cow(s).
Turn 456: 
> 621853
Grade: 2 bull(s) 4 cow(s).
Turn 457: 
> 261853
Grade: 1 bull(s) 5 cow(s).
Turn 458: 
> 162853
Grade: 1 bull(s) 5 cow(s).
Turn 459: 
> 612853
Grade: 1 bull(s) 5 cow(s).
Turn 460: 
> 618253
Grade: 1 bull(s) 5 cow(s).
Turn 461: 
> 168253
Grade: 1 bull(s) 5 cow(s).
Turn 462: 
> 861253
Grade: 2 bull(s) 4 cow(s).
Turn 463: 
> 681253
Grade: 1 bull(s) 5 cow(s).
Turn 464: 
> 186253
Grade: 1 bull(s) 5 cow(s).
Turn 465: 
> 816253
Grade: 2 bull(s) 4 cow(s).
Turn 466: 
> 516283
Grade: 6 cow(s).
Turn 467: 
> 156283
Grade: 6 cow(s).
Turn 468: 
> 651283
Grade: 6 cow(s).
Turn 469: 
> 561283
Grade: 6 cow(s).
Turn 470: 
> 165283
Grade: 6 cow(s).
Turn 471: 
> 615283
Grade: 6 cow(s).
Turn 472: 
> 215683
Grade: 1 bull(s) 5 cow(s).
Turn 473: 
> 125683
Grade: 2 bull(s) 4 cow(s).
Turn 474: 
> 521683
Grade: 2 bull(s) 4 cow(s).
Turn 475: 
> 251683
Grade: 1 bull(s) 5 cow(s).
Turn 476: 
> 152683
Grade: 1 bull(s) 5 cow(s).
Turn 477: 
> 512683
Grade: 1 bull(s) 5 cow(s).
Turn 478: 
> 562183
Grade: 6 cow(s).
Turn 479: 
> 652183
Grade: 6 cow(s).
Turn 480: 
> 256183
Grade: 6 cow(s).
Turn 481: 
> 526183
Grade: 1 bull(s) 5 cow(s).
Turn 482: 
> 625183
Grade: 1 bull(s) 5 cow(s).
Turn 483: 
> 265183
Grade: 6 cow(s).
Turn 484: 
> 261583
Grade: 6 cow(s).
Turn 485: 
> 621583
Grade: 1 bull(s) 5 cow(s).
Turn 486: 
> 126583
Grade: 1 bull(s) 5 cow(s).
Turn 487: 
> 216583
Grade: 6 cow(s).
Turn 488: 
> 612583
Grade: 6 cow(s).
Turn 489: 
> 162583
Grade: 6 cow(s).
Turn 490: 
> 162385
Grade: 6 cow(s).
Turn 491: 
> 612385
Grade: 6 cow(s).
Turn 492: 
> 216385
Grade: 6 cow(s).
Turn 493: 
> 126385
Grade: 1 bull(s) 5 cow(s).
Turn 494: 
> 621385
Grade: 1 bull(s) 5 cow(s).
Turn 495: 
> 261385
Grade: 6 cow(s).
Turn 496: 
> 361285
Grade: 6 cow(s).
Turn 497: 
> 631285
Grade: 6 cow(s).
Turn 498: 
> 136285
Grade: 6 cow(s).
Turn 499: 
> 316285
Grade: 6 cow(s).
Turn 500: 
> 613285
Grade: 1 bull(s) 5 cow(s).
Turn 501: 
> 163285
Grade: 1 bull(s) 5 cow(s).
Turn 502: 
> 123685
Grade: 3 bull(s) 3 cow(s).
Turn 503: 
> 213685
Grade: 2 bull(s) 4 cow(s).
Turn 504: 
> 312685
Grade: 1 bull(s) 5 cow(s).
Turn 505: 
> 132685
Grade: 1 bull(s) 5 cow(s).
Turn 506: 
> 231685
Grade: 1 bull(s) 5 cow(s).
Turn 507: 
> 321685
Grade: 2 bull(s) 4 cow(s).
Turn 508: 
> 326185
Grade: 1 bull(s) 5 cow(s).
Turn 509: 
> 236185
Grade: 6 cow(s).
Turn 510: 
> 632185
Grade: 6 cow(s).
Turn 511: 
> 362185
Grade: 6 cow(s).
Turn 512: 
> 263185
Grade: 1 bull(s) 5 cow(s).
Turn 513: 
> 623185
Grade: 2 bull(s) 4 cow(s).
Turn 514: 
> 823165
Grade: 3 bull(s) 3 cow(s).
Turn 515: 
> 283165
Grade: 1 bull(s) 5 cow(s).
Turn 516: 
> 382165
Grade: 6 cow(s).
Turn 517: 
> 832165
Grade: 1 bull(s) 5 cow(s).
Turn 518: 
> 238165
Grade: 6 cow(s).
Turn 519: 
> 328165
Grade: 1 bull(s) 5 cow(s).
Turn 520: 
> 128365
Grade: 1 bull(s) 5 cow(s).
Turn 521: 
> 218365
Grade: 6 cow(s).
Turn 522: 
> 812365
Grade: 1 bull(s) 5 cow(s).
Turn 523: 
> 182365
Grade: 6 cow(s).
Turn 524: 
> 281365
Grade: 6 cow(s).
Turn 525: 
> 821365
Grade: 2 bull(s) 4 cow(s).
Turn 526: 
> 831265
Grade: 1 bull(s) 5 cow(s).
Turn 527: 
> 381265
Grade: 6 cow(s).
Turn 528: 
> 183265
Grade: 1 bull(s) 5 cow(s).
Turn 529: 
> 813265
Grade: 2 bull(s) 4 cow(s).
Turn 530: 
> 318265
Grade: 6 cow(s).
Turn 531: 
> 138265
Grade: 6 cow(s).
Turn 532: 
> 132865
Grade: 6 cow(s).
Turn 533: 
> 312865
Grade: 6 cow(s).
Turn 534: 
> 213865
Grade: 1 bull(s) 5 cow(s).
Turn 535: 
> 123865
Grade: 2 bull(s) 4 cow(s).
Turn 536: 
> 321865
Grade: 1 bull(s) 5 cow(s).
Turn 537: 
> 231865
Grade: 6 cow(s).
Turn 538: 
> 631825
Grade: 6 cow(s).
Turn 539: 
> 361825
Grade: 6 cow(s).
Turn 540: 
> 163825
Grade: 1 bull(s) 5 cow(s).
Turn 541: 
> 613825
Grade: 1 bull(s) 5 cow(s).
Turn 542: 
> 316825
Grade: 6 cow(s).
Turn 543: 
> 136825
Grade: 6 cow(s).
Turn 544: 
> 836125
Grade: 1 bull(s) 5 cow(s).
Turn 545: 
> 386125
Grade: 6 cow(s).
Turn 546: 
> 683125
Grade: 1 bull(s) 5 cow(s).
Turn 547: 
> 863125
Grade: 2 bull(s) 4 cow(s).
Turn 548: 
> 368125
Grade: 6 cow(s).
Turn 549: 
> 638125
Grade: 6 cow(s).
Turn 550: 
> 618325
Grade: 6 cow(s).
Turn 551: 
> 168325
Grade: 6 cow(s).
Turn 552: 
> 861325
Grade: 1 bull(s) 5 cow(s).
Turn 553: 
> 681325
Grade: 6 cow(s).
Turn 554: 
> 186325
Grade: 6 cow(s).
Turn 555: 
> 816325
Grade: 1 bull(s) 5 cow(s).
Turn 556: 
> 813625
Grade: 3 bull(s) 3 cow(s).
Turn 557: 
> 183625
Grade: 2 bull(s) 4 cow(s).
Turn 558: 
> 381625
Grade: 1 bull(s) 5 cow(s).
Turn 559: 
> 831625
Grade: 2 bull(s) 4 cow(s).
Turn 560: 
> 138625
Grade: 1 bull(s) 5 cow(s).
Turn 561: 
> 318625
Grade: 1 bull(s) 5 cow(s).
Turn 562: 
> 218635
Grade: 1 bull(s) 5 cow(s).
Turn 563: 
> 128635
Grade: 2 bull(s) 4 cow(s).
Turn 564: 
> 821635
Grade: 3 bull(s) 3 cow(s).
Turn 565: 
> 281635
Grade: 1 bull(s) 5 cow(s).
Turn 566: 
> 182635
Grade: 1 bull(s) 5 cow(s).
Turn 567: 
> 812635
Grade: 2 bull(s) 4 cow(s).
Turn 568: 
> 612835
Grade: 6 cow(s).
Turn 569: 
> 162835
Grade: 6 cow(s).
Turn 570: 
> 261835
Grade: 6 cow(s).
Turn 571: 
> 621835
Grade: 1 bull(s) 5 cow(s).
Turn 572: 
> 126835
Grade: 1 bull(s) 5 cow(s).
Turn 573: 
> 216835
Grade: 6 cow(s).
Turn 574: 
> 286135
Grade: 6 cow(s).
Turn 575: 
> 826135
Grade: 2 bull(s) 4 cow(s).
Turn 576: 
> 628135
Grade: 1 bull(s) 5 cow(s).
Turn 577: 
> 268135
Grade: 6 cow(s).
Turn 578: 
> 862135
Grade: 1 bull(s) 5 cow(s).
Turn 579: 
> 682135
Grade: 6 cow(s).
Turn 580: 
> 681235
Grade: 6 cow(s).
Turn 581: 
> 861235
Grade: 1 bull(s) 5 cow(s).
Turn 582: 
> 168235
Grade: 6 cow(s).
Turn 583: 
> 618235
Grade: 6 cow(s).
Turn 584: 
> 816235
Grade: 1 bull(s) 5 cow(s).
Turn 585: 
> 186235
Grade: 6 cow(s).
Turn 586: 
> 386215
Grade: 6 cow(s).
Turn 587: 
> 836215
Grade: 1 bull(s) 5 cow(s).
Turn 588: 
> 638215
Grade: 6 cow(s).
Turn 589: 
> 368215
Grade: 6 cow(s).
Turn 590: 
> 863215
Grade: 2 bull(s) 4 cow(s).
Turn 591: 
> 683215
Grade: 1 bull(s) 5 cow(s).
Turn 592: 
> 283615
Grade: 2 bull(s) 4 cow(s).
Turn 593: 
> 823615
Grade: 4 bull(s) 2 cow(s).
Turn 594: 
> 328615
Grade: 2 bull(s) 4 cow(s).
Turn 595: 
> 238615
Grade: 1 bull(s) 5 cow(s).
Turn 596: 
> 832615
Grade: 2 bull(s) 4 cow(s).
Turn 597: 
> 382615
Grade: 1 bull(s) 5 cow(s).
Turn 598: 
> 362815
Grade: 6 cow(s).
Turn 599: 
> 632815
Grade: 6 cow(s).
Turn 600: 
> 236815
Grade: 6 cow(s).
Turn 601: 
> 326815
Grade: 1 bull(s) 5 cow(s).
Turn 602: 
> 623815
Grade: 2 bull(s) 4 cow(s).
Turn 603: 
> 263815
Grade: 1 bull(s) 5 cow(s).
Turn 604: 
> 268315
Grade: 6 cow(s).
Turn 605: 
> 628315
Grade: 1 bull(s) 5 cow(s).
Turn 606: 
> 826315
Grade: 2 bull(s) 4 cow(s).
Turn 607: 
> 286315
Grade: 6 cow(s).
Turn 608: 
> 682315
Grade: 6 cow(s).
Turn 609: 
> 862315
Grade: 1 bull(s) 5 cow(s).
Turn 610: 
> 862351
Grade: 3 bull(s) 3 cow(s).
Turn 611: 
> 682351
Grade: 2 bull(s) 4 cow(s).
Turn 612: 
> 286351
Grade: 2 bull(s) 4 cow(s).
Turn 613: 
> 826351
Grade: 4 bull(s) 2 cow(s).
Turn 614: 
> 628351
Grade: 3 bull(s) 3 cow(s).
Turn 615: 
> 268351
Grade: 2 bull(s) 4 cow(s).
Turn 616: 
> 368251
Grade: 2 bull(s) 4 cow(s).
Turn 617: 
> 638251
Grade: 2 bull(s) 4 cow(s).
Turn 618: 
> 836251
Grade: 3 bull(s) 3 cow(s).
Turn 619: 
> 386251
Grade: 2 bull(s) 4 cow(s).
Turn 620: 
> 683251
Grade: 3 bull(s) 3 cow(s).
Turn 621: 
> 863251
Grade: 4 bull(s) 2 cow(s).
Turn 622: 
> 823651
Grade: 6 bulls.
?[1;31m
Start test 4?[0m
Please, enter the secret code's length:
> 11
Error: can't generate a secret number with a length of 11 because there aren't enough unique digits.
]]></system-out>
  <system-err><![CDATA[]]></system-err>
</testsuite>
