<?xml version="1.0" encoding="UTF-8"?>
<testsuite name="BullsCowsTest" tests="1" skipped="0" failures="0" errors="0" timestamp="2023-08-17T22:52:12" hostname="DESKTOP-LMD33II" time="0.967">
  <properties/>
  <testcase name="start" classname="BullsCowsTest" time="0.967"/>
  <system-out><![CDATA[?[1;31m
Start test 1?[0m
Input the length of the secret code:
> 1
Input the number of possible symbols in the code:
> 10
The secret code is prepared: * (0-9)
Okay, let's start a game!
Turn 1: 
> 0
Grade: None
Turn 2: 
> 1
Grade: None
Turn 3: 
> 2
Grade: None
Turn 4: 
> 3
Grade: None
Turn 5: 
> 4
Grade: None
Turn 6: 
> 5
Grade: None
Turn 7: 
> 6
Grade: 1 bulls.
?[1;31m
Start test 2?[0m
Input the length of the secret code:
> 4
Input the number of possible symbols in the code:
> 10
The secret code is prepared: **** (0-9)
Okay, let's start a game!
Turn 1: 
> 0000
Grade: None
Turn 2: 
> 1111
Grade: 1 bull
Turn 3: 
> 2222
Grade: 1 bull
Turn 4: 
> 3333
Grade: None
Turn 5: 
> 4444
Grade: 1 bull
Turn 6: 
> 5555
Grade: 1 bull
Turn 7: 
> 1245
Grade: 4 bulls.
?[1;31m
Start test 3?[0m
Input the length of the secret code:
> 6
Input the number of possible symbols in the code:
> 10
The secret code is prepared: ****** (0-9)
Okay, let's start a game!
Turn 1: 
> 000000
Grade: 1 bull
Turn 2: 
> 111111
Grade: None
Turn 3: 
> 222222
Grade: 1 bull
Turn 4: 
> 333333
Grade: 1 bull
Turn 5: 
> 444444
Grade: None
Turn 6: 
> 555555
Grade: 1 bull
Turn 7: 
> 666666
Grade: None
Turn 8: 
> 777777
Grade: None
Turn 9: 
> 888888
Grade: 1 bull
Turn 10: 
> 999999
Grade: 1 bull
Turn 11: 
> 023589
Grade: 6 cows
Turn 12: 
> 203589
Grade: 6 cows
Turn 13: 
> 302589
Grade: 1 bull 5 cows
Turn 14: 
> 032589
Grade: 1 bull 5 cows
Turn 15: 
> 230589
Grade: 6 cows
Turn 16: 
> 320589
Grade: 6 cows
Turn 17: 
> 520389
Grade: 1 bull 5 cows
Turn 18: 
> 250389
Grade: 6 cows
Turn 19: 
> 052389
Grade: 1 bull 5 cows
Turn 20: 
> 502389
Grade: 2 bulls 4 cows
Turn 21: 
> 205389
Grade: 6 cows
Turn 22: 
> 025389
Grade: 6 cows
Turn 23: 
> 035289
Grade: 6 cows
Turn 24: 
> 305289
Grade: 6 cows
Turn 25: 
> 503289
Grade: 1 bull 5 cows
Turn 26: 
> 053289
Grade: 6 cows
Turn 27: 
> 350289
Grade: 6 cows
Turn 28: 
> 530289
Grade: 1 bull 5 cows
Turn 29: 
> 532089
Grade: 2 bulls 4 cows
Turn 30: 
> 352089
Grade: 1 bull 5 cows
Turn 31: 
> 253089
Grade: 6 cows
Turn 32: 
> 523089
Grade: 1 bull 5 cows
Turn 33: 
> 325089
Grade: 6 cows
Turn 34: 
> 235089
Grade: 6 cows
Turn 35: 
> 835029
Grade: 6 cows
Turn 36: 
> 385029
Grade: 1 bull 5 cows
Turn 37: 
> 583029
Grade: 2 bulls 4 cows
Turn 38: 
> 853029
Grade: 6 cows
Turn 39: 
> 358029
Grade: 6 cows
Turn 40: 
> 538029
Grade: 1 bull 5 cows
Turn 41: 
> 038529
Grade: 6 cows
Turn 42: 
> 308529
Grade: 6 cows
Turn 43: 
> 803529
Grade: 6 cows
Turn 44: 
> 083529
Grade: 1 bull 5 cows
Turn 45: 
> 380529
Grade: 1 bull 5 cows
Turn 46: 
> 830529
Grade: 6 cows
Turn 47: 
> 850329
Grade: 6 cows
Turn 48: 
> 580329
Grade: 2 bulls 4 cows
Turn 49: 
> 085329
Grade: 1 bull 5 cows
Turn 50: 
> 805329
Grade: 6 cows
Turn 51: 
> 508329
Grade: 1 bull 5 cows
Turn 52: 
> 058329
Grade: 6 cows
Turn 53: 
> 053829
Grade: 6 cows
Turn 54: 
> 503829
Grade: 1 bull 5 cows
Turn 55: 
> 305829
Grade: 6 cows
Turn 56: 
> 035829
Grade: 6 cows
Turn 57: 
> 530829
Grade: 1 bull 5 cows
Turn 58: 
> 350829
Grade: 6 cows
Turn 59: 
> 250839
Grade: 1 bull 5 cows
Turn 60: 
> 520839
Grade: 2 bulls 4 cows
Turn 61: 
> 025839
Grade: 1 bull 5 cows
Turn 62: 
> 205839
Grade: 1 bull 5 cows
Turn 63: 
> 502839
Grade: 3 bulls 3 cows
Turn 64: 
> 052839
Grade: 2 bulls 4 cows
Turn 65: 
> 852039
Grade: 2 bulls 4 cows
Turn 66: 
> 582039
Grade: 4 bulls 2 cows
Turn 67: 
> 285039
Grade: 2 bulls 4 cows
Turn 68: 
> 825039
Grade: 1 bull 5 cows
Turn 69: 
> 528039
Grade: 2 bulls 4 cows
Turn 70: 
> 258039
Grade: 1 bull 5 cows
Turn 71: 
> 208539
Grade: 1 bull 5 cows
Turn 72: 
> 028539
Grade: 1 bull 5 cows
Turn 73: 
> 820539
Grade: 1 bull 5 cows
Turn 74: 
> 280539
Grade: 2 bulls 4 cows
Turn 75: 
> 082539
Grade: 3 bulls 3 cows
Turn 76: 
> 802539
Grade: 2 bulls 4 cows
Turn 77: 
> 805239
Grade: 1 bull 5 cows
Turn 78: 
> 085239
Grade: 2 bulls 4 cows
Turn 79: 
> 580239
Grade: 3 bulls 3 cows
Turn 80: 
> 850239
Grade: 1 bull 5 cows
Turn 81: 
> 058239
Grade: 1 bull 5 cows
Turn 82: 
> 508239
Grade: 2 bulls 4 cows
Turn 83: 
> 308259
Grade: 6 cows
Turn 84: 
> 038259
Grade: 6 cows
Turn 85: 
> 830259
Grade: 6 cows
Turn 86: 
> 380259
Grade: 1 bull 5 cows
Turn 87: 
> 083259
Grade: 1 bull 5 cows
Turn 88: 
> 803259
Grade: 6 cows
Turn 89: 
> 203859
Grade: 6 cows
Turn 90: 
> 023859
Grade: 6 cows
Turn 91: 
> 320859
Grade: 6 cows
Turn 92: 
> 230859
Grade: 6 cows
Turn 93: 
> 032859
Grade: 1 bull 5 cows
Turn 94: 
> 302859
Grade: 1 bull 5 cows
Turn 95: 
> 382059
Grade: 2 bulls 4 cows
Turn 96: 
> 832059
Grade: 1 bull 5 cows
Turn 97: 
> 238059
Grade: 6 cows
Turn 98: 
> 328059
Grade: 6 cows
Turn 99: 
> 823059
Grade: 6 cows
Turn 100: 
> 283059
Grade: 1 bull 5 cows
Turn 101: 
> 280359
Grade: 1 bull 5 cows
Turn 102: 
> 820359
Grade: 6 cows
Turn 103: 
> 028359
Grade: 6 cows
Turn 104: 
> 208359
Grade: 6 cows
Turn 105: 
> 802359
Grade: 1 bull 5 cows
Turn 106: 
> 082359
Grade: 2 bulls 4 cows
Turn 107: 
> 582309
Grade: 3 bulls 3 cows
Turn 108: 
> 852309
Grade: 1 bull 5 cows
Turn 109: 
> 258309
Grade: 6 cows
Turn 110: 
> 528309
Grade: 1 bull 5 cows
Turn 111: 
> 825309
Grade: 6 cows
Turn 112: 
> 285309
Grade: 1 bull 5 cows
Turn 113: 
> 385209
Grade: 1 bull 5 cows
Turn 114: 
> 835209
Grade: 6 cows
Turn 115: 
> 538209
Grade: 1 bull 5 cows
Turn 116: 
> 358209
Grade: 6 cows
Turn 117: 
> 853209
Grade: 6 cows
Turn 118: 
> 583209
Grade: 2 bulls 4 cows
Turn 119: 
> 523809
Grade: 1 bull 5 cows
Turn 120: 
> 253809
Grade: 6 cows
Turn 121: 
> 352809
Grade: 1 bull 5 cows
Turn 122: 
> 532809
Grade: 2 bulls 4 cows
Turn 123: 
> 235809
Grade: 6 cows
Turn 124: 
> 325809
Grade: 6 cows
Turn 125: 
> 328509
Grade: 6 cows
Turn 126: 
> 238509
Grade: 6 cows
Turn 127: 
> 832509
Grade: 1 bull 5 cows
Turn 128: 
> 382509
Grade: 2 bulls 4 cows
Turn 129: 
> 283509
Grade: 1 bull 5 cows
Turn 130: 
> 823509
Grade: 6 cows
Turn 131: 
> 923508
Grade: 6 cows
Turn 132: 
> 293508
Grade: 6 cows
Turn 133: 
> 392508
Grade: 1 bull 5 cows
Turn 134: 
> 932508
Grade: 1 bull 5 cows
Turn 135: 
> 239508
Grade: 6 cows
Turn 136: 
> 329508
Grade: 6 cows
Turn 137: 
> 529308
Grade: 1 bull 5 cows
Turn 138: 
> 259308
Grade: 6 cows
Turn 139: 
> 952308
Grade: 1 bull 5 cows
Turn 140: 
> 592308
Grade: 2 bulls 4 cows
Turn 141: 
> 295308
Grade: 6 cows
Turn 142: 
> 925308
Grade: 6 cows
Turn 143: 
> 935208
Grade: 6 cows
Turn 144: 
> 395208
Grade: 6 cows
Turn 145: 
> 593208
Grade: 1 bull 5 cows
Turn 146: 
> 953208
Grade: 6 cows
Turn 147: 
> 359208
Grade: 6 cows
Turn 148: 
> 539208
Grade: 1 bull 5 cows
Turn 149: 
> 532908
Grade: 3 bulls 3 cows
Turn 150: 
> 352908
Grade: 2 bulls 4 cows
Turn 151: 
> 253908
Grade: 1 bull 5 cows
Turn 152: 
> 523908
Grade: 2 bulls 4 cows
Turn 153: 
> 325908
Grade: 1 bull 5 cows
Turn 154: 
> 235908
Grade: 1 bull 5 cows
Turn 155: 
> 035928
Grade: 1 bull 5 cows
Turn 156: 
> 305928
Grade: 1 bull 5 cows
Turn 157: 
> 503928
Grade: 2 bulls 4 cows
Turn 158: 
> 053928
Grade: 1 bull 5 cows
Turn 159: 
> 350928
Grade: 1 bull 5 cows
Turn 160: 
> 530928
Grade: 2 bulls 4 cows
Turn 161: 
> 930528
Grade: 6 cows
Turn 162: 
> 390528
Grade: 6 cows
Turn 163: 
> 093528
Grade: 6 cows
Turn 164: 
> 903528
Grade: 6 cows
Turn 165: 
> 309528
Grade: 6 cows
Turn 166: 
> 039528
Grade: 6 cows
Turn 167: 
> 059328
Grade: 6 cows
Turn 168: 
> 509328
Grade: 1 bull 5 cows
Turn 169: 
> 905328
Grade: 6 cows
Turn 170: 
> 095328
Grade: 6 cows
Turn 171: 
> 590328
Grade: 1 bull 5 cows
Turn 172: 
> 950328
Grade: 6 cows
Turn 173: 
> 953028
Grade: 6 cows
Turn 174: 
> 593028
Grade: 1 bull 5 cows
Turn 175: 
> 395028
Grade: 6 cows
Turn 176: 
> 935028
Grade: 6 cows
Turn 177: 
> 539028
Grade: 1 bull 5 cows
Turn 178: 
> 359028
Grade: 6 cows
Turn 179: 
> 259038
Grade: 1 bull 5 cows
Turn 180: 
> 529038
Grade: 2 bulls 4 cows
Turn 181: 
> 925038
Grade: 1 bull 5 cows
Turn 182: 
> 295038
Grade: 1 bull 5 cows
Turn 183: 
> 592038
Grade: 3 bulls 3 cows
Turn 184: 
> 952038
Grade: 2 bulls 4 cows
Turn 185: 
> 052938
Grade: 3 bulls 3 cows
Turn 186: 
> 502938
Grade: 4 bulls 2 cows
Turn 187: 
> 205938
Grade: 2 bulls 4 cows
Turn 188: 
> 025938
Grade: 2 bulls 4 cows
Turn 189: 
> 520938
Grade: 3 bulls 3 cows
Turn 190: 
> 250938
Grade: 2 bulls 4 cows
Turn 191: 
> 290538
Grade: 1 bull 5 cows
Turn 192: 
> 920538
Grade: 1 bull 5 cows
Turn 193: 
> 029538
Grade: 1 bull 5 cows
Turn 194: 
> 209538
Grade: 1 bull 5 cows
Turn 195: 
> 902538
Grade: 2 bulls 4 cows
Turn 196: 
> 092538
Grade: 2 bulls 4 cows
Turn 197: 
> 095238
Grade: 1 bull 5 cows
Turn 198: 
> 905238
Grade: 1 bull 5 cows
Turn 199: 
> 509238
Grade: 2 bulls 4 cows
Turn 200: 
> 059238
Grade: 1 bull 5 cows
Turn 201: 
> 950238
Grade: 1 bull 5 cows
Turn 202: 
> 590238
Grade: 2 bulls 4 cows
Turn 203: 
> 390258
Grade: 6 cows
Turn 204: 
> 930258
Grade: 6 cows
Turn 205: 
> 039258
Grade: 6 cows
Turn 206: 
> 309258
Grade: 6 cows
Turn 207: 
> 903258
Grade: 6 cows
Turn 208: 
> 093258
Grade: 6 cows
Turn 209: 
> 293058
Grade: 6 cows
Turn 210: 
> 923058
Grade: 6 cows
Turn 211: 
> 329058
Grade: 6 cows
Turn 212: 
> 239058
Grade: 6 cows
Turn 213: 
> 932058
Grade: 1 bull 5 cows
Turn 214: 
> 392058
Grade: 1 bull 5 cows
Turn 215: 
> 302958
Grade: 2 bulls 4 cows
Turn 216: 
> 032958
Grade: 2 bulls 4 cows
Turn 217: 
> 230958
Grade: 1 bull 5 cows
Turn 218: 
> 320958
Grade: 1 bull 5 cows
Turn 219: 
> 023958
Grade: 1 bull 5 cows
Turn 220: 
> 203958
Grade: 1 bull 5 cows
Turn 221: 
> 209358
Grade: 6 cows
Turn 222: 
> 029358
Grade: 6 cows
Turn 223: 
> 920358
Grade: 6 cows
Turn 224: 
> 290358
Grade: 6 cows
Turn 225: 
> 092358
Grade: 1 bull 5 cows
Turn 226: 
> 902358
Grade: 1 bull 5 cows
Turn 227: 
> 502398
Grade: 2 bulls 4 cows
Turn 228: 
> 052398
Grade: 1 bull 5 cows
Turn 229: 
> 250398
Grade: 6 cows
Turn 230: 
> 520398
Grade: 1 bull 5 cows
Turn 231: 
> 025398
Grade: 6 cows
Turn 232: 
> 205398
Grade: 6 cows
Turn 233: 
> 305298
Grade: 6 cows
Turn 234: 
> 035298
Grade: 6 cows
Turn 235: 
> 530298
Grade: 1 bull 5 cows
Turn 236: 
> 350298
Grade: 6 cows
Turn 237: 
> 053298
Grade: 6 cows
Turn 238: 
> 503298
Grade: 1 bull 5 cows
Turn 239: 
> 523098
Grade: 1 bull 5 cows
Turn 240: 
> 253098
Grade: 6 cows
Turn 241: 
> 352098
Grade: 1 bull 5 cows
Turn 242: 
> 532098
Grade: 2 bulls 4 cows
Turn 243: 
> 235098
Grade: 6 cows
Turn 244: 
> 325098
Grade: 6 cows
Turn 245: 
> 320598
Grade: 6 cows
Turn 246: 
> 230598
Grade: 6 cows
Turn 247: 
> 032598
Grade: 1 bull 5 cows
Turn 248: 
> 302598
Grade: 1 bull 5 cows
Turn 249: 
> 203598
Grade: 6 cows
Turn 250: 
> 023598
Grade: 6 cows
Turn 251: 
> 083592
Grade: 1 bull 5 cows
Turn 252: 
> 803592
Grade: 6 cows
Turn 253: 
> 308592
Grade: 6 cows
Turn 254: 
> 038592
Grade: 6 cows
Turn 255: 
> 830592
Grade: 6 cows
Turn 256: 
> 380592
Grade: 1 bull 5 cows
Turn 257: 
> 580392
Grade: 2 bulls 4 cows
Turn 258: 
> 850392
Grade: 6 cows
Turn 259: 
> 058392
Grade: 6 cows
Turn 260: 
> 508392
Grade: 1 bull 5 cows
Turn 261: 
> 805392
Grade: 6 cows
Turn 262: 
> 085392
Grade: 1 bull 5 cows
Turn 263: 
> 035892
Grade: 6 cows
Turn 264: 
> 305892
Grade: 6 cows
Turn 265: 
> 503892
Grade: 1 bull 5 cows
Turn 266: 
> 053892
Grade: 6 cows
Turn 267: 
> 350892
Grade: 6 cows
Turn 268: 
> 530892
Grade: 1 bull 5 cows
Turn 269: 
> 538092
Grade: 1 bull 5 cows
Turn 270: 
> 358092
Grade: 6 cows
Turn 271: 
> 853092
Grade: 6 cows
Turn 272: 
> 583092
Grade: 2 bulls 4 cows
Turn 273: 
> 385092
Grade: 1 bull 5 cows
Turn 274: 
> 835092
Grade: 6 cows
Turn 275: 
> 935082
Grade: 6 cows
Turn 276: 
> 395082
Grade: 6 cows
Turn 277: 
> 593082
Grade: 1 bull 5 cows
Turn 278: 
> 953082
Grade: 6 cows
Turn 279: 
> 359082
Grade: 6 cows
Turn 280: 
> 539082
Grade: 1 bull 5 cows
Turn 281: 
> 039582
Grade: 6 cows
Turn 282: 
> 309582
Grade: 6 cows
Turn 283: 
> 903582
Grade: 6 cows
Turn 284: 
> 093582
Grade: 6 cows
Turn 285: 
> 390582
Grade: 6 cows
Turn 286: 
> 930582
Grade: 6 cows
Turn 287: 
> 950382
Grade: 6 cows
Turn 288: 
> 590382
Grade: 1 bull 5 cows
Turn 289: 
> 095382
Grade: 6 cows
Turn 290: 
> 905382
Grade: 6 cows
Turn 291: 
> 509382
Grade: 1 bull 5 cows
Turn 292: 
> 059382
Grade: 6 cows
Turn 293: 
> 053982
Grade: 1 bull 5 cows
Turn 294: 
> 503982
Grade: 2 bulls 4 cows
Turn 295: 
> 305982
Grade: 1 bull 5 cows
Turn 296: 
> 035982
Grade: 1 bull 5 cows
Turn 297: 
> 530982
Grade: 2 bulls 4 cows
Turn 298: 
> 350982
Grade: 1 bull 5 cows
Turn 299: 
> 850932
Grade: 2 bulls 4 cows
Turn 300: 
> 580932
Grade: 4 bulls 2 cows
Turn 301: 
> 085932
Grade: 3 bulls 3 cows
Turn 302: 
> 805932
Grade: 2 bulls 4 cows
Turn 303: 
> 508932
Grade: 3 bulls 3 cows
Turn 304: 
> 058932
Grade: 2 bulls 4 cows
Turn 305: 
> 958032
Grade: 1 bull 5 cows
Turn 306: 
> 598032
Grade: 2 bulls 4 cows
Turn 307: 
> 895032
Grade: 1 bull 5 cows
Turn 308: 
> 985032
Grade: 2 bulls 4 cows
Turn 309: 
> 589032
Grade: 3 bulls 3 cows
Turn 310: 
> 859032
Grade: 1 bull 5 cows
Turn 311: 
> 809532
Grade: 1 bull 5 cows
Turn 312: 
> 089532
Grade: 2 bulls 4 cows
Turn 313: 
> 980532
Grade: 2 bulls 4 cows
Turn 314: 
> 890532
Grade: 1 bull 5 cows
Turn 315: 
> 098532
Grade: 1 bull 5 cows
Turn 316: 
> 908532
Grade: 1 bull 5 cows
Turn 317: 
> 905832
Grade: 1 bull 5 cows
Turn 318: 
> 095832
Grade: 1 bull 5 cows
Turn 319: 
> 590832
Grade: 2 bulls 4 cows
Turn 320: 
> 950832
Grade: 1 bull 5 cows
Turn 321: 
> 059832
Grade: 1 bull 5 cows
Turn 322: 
> 509832
Grade: 2 bulls 4 cows
Turn 323: 
> 309852
Grade: 6 cows
Turn 324: 
> 039852
Grade: 6 cows
Turn 325: 
> 930852
Grade: 6 cows
Turn 326: 
> 390852
Grade: 6 cows
Turn 327: 
> 093852
Grade: 6 cows
Turn 328: 
> 903852
Grade: 6 cows
Turn 329: 
> 803952
Grade: 1 bull 5 cows
Turn 330: 
> 083952
Grade: 2 bulls 4 cows
Turn 331: 
> 380952
Grade: 2 bulls 4 cows
Turn 332: 
> 830952
Grade: 1 bull 5 cows
Turn 333: 
> 038952
Grade: 1 bull 5 cows
Turn 334: 
> 308952
Grade: 1 bull 5 cows
Turn 335: 
> 398052
Grade: 6 cows
Turn 336: 
> 938052
Grade: 6 cows
Turn 337: 
> 839052
Grade: 6 cows
Turn 338: 
> 389052
Grade: 1 bull 5 cows
Turn 339: 
> 983052
Grade: 1 bull 5 cows
Turn 340: 
> 893052
Grade: 6 cows
Turn 341: 
> 890352
Grade: 6 cows
Turn 342: 
> 980352
Grade: 1 bull 5 cows
Turn 343: 
> 089352
Grade: 1 bull 5 cows
Turn 344: 
> 809352
Grade: 6 cows
Turn 345: 
> 908352
Grade: 6 cows
Turn 346: 
> 098352
Grade: 6 cows
Turn 347: 
> 598302
Grade: 1 bull 5 cows
Turn 348: 
> 958302
Grade: 6 cows
Turn 349: 
> 859302
Grade: 6 cows
Turn 350: 
> 589302
Grade: 2 bulls 4 cows
Turn 351: 
> 985302
Grade: 1 bull 5 cows
Turn 352: 
> 895302
Grade: 6 cows
Turn 353: 
> 395802
Grade: 6 cows
Turn 354: 
> 935802
Grade: 6 cows
Turn 355: 
> 539802
Grade: 1 bull 5 cows
Turn 356: 
> 359802
Grade: 6 cows
Turn 357: 
> 953802
Grade: 6 cows
Turn 358: 
> 593802
Grade: 1 bull 5 cows
Turn 359: 
> 583902
Grade: 3 bulls 3 cows
Turn 360: 
> 853902
Grade: 1 bull 5 cows
Turn 361: 
> 358902
Grade: 1 bull 5 cows
Turn 362: 
> 538902
Grade: 2 bulls 4 cows
Turn 363: 
> 835902
Grade: 1 bull 5 cows
Turn 364: 
> 385902
Grade: 2 bulls 4 cows
Turn 365: 
> 389502
Grade: 1 bull 5 cows
Turn 366: 
> 839502
Grade: 6 cows
Turn 367: 
> 938502
Grade: 6 cows
Turn 368: 
> 398502
Grade: 6 cows
Turn 369: 
> 893502
Grade: 6 cows
Turn 370: 
> 983502
Grade: 1 bull 5 cows
Turn 371: 
> 982503
Grade: 2 bulls 4 cows
Turn 372: 
> 892503
Grade: 1 bull 5 cows
Turn 373: 
> 298503
Grade: 6 cows
Turn 374: 
> 928503
Grade: 6 cows
Turn 375: 
> 829503
Grade: 6 cows
Turn 376: 
> 289503
Grade: 1 bull 5 cows
Turn 377: 
> 589203
Grade: 2 bulls 4 cows
Turn 378: 
> 859203
Grade: 6 cows
Turn 379: 
> 958203
Grade: 6 cows
Turn 380: 
> 598203
Grade: 1 bull 5 cows
Turn 381: 
> 895203
Grade: 6 cows
Turn 382: 
> 985203
Grade: 1 bull 5 cows
Turn 383: 
> 925803
Grade: 6 cows
Turn 384: 
> 295803
Grade: 6 cows
Turn 385: 
> 592803
Grade: 2 bulls 4 cows
Turn 386: 
> 952803
Grade: 1 bull 5 cows
Turn 387: 
> 259803
Grade: 6 cows
Turn 388: 
> 529803
Grade: 1 bull 5 cows
Turn 389: 
> 528903
Grade: 2 bulls 4 cows
Turn 390: 
> 258903
Grade: 1 bull 5 cows
Turn 391: 
> 852903
Grade: 2 bulls 4 cows
Turn 392: 
> 582903
Grade: 4 bulls 2 cows
Turn 393: 
> 285903
Grade: 2 bulls 4 cows
Turn 394: 
> 825903
Grade: 1 bull 5 cows
Turn 395: 
> 025983
Grade: 1 bull 5 cows
Turn 396: 
> 205983
Grade: 1 bull 5 cows
Turn 397: 
> 502983
Grade: 3 bulls 3 cows
Turn 398: 
> 052983
Grade: 2 bulls 4 cows
Turn 399: 
> 250983
Grade: 1 bull 5 cows
Turn 400: 
> 520983
Grade: 2 bulls 4 cows
Turn 401: 
> 920583
Grade: 6 cows
Turn 402: 
> 290583
Grade: 6 cows
Turn 403: 
> 092583
Grade: 1 bull 5 cows
Turn 404: 
> 902583
Grade: 1 bull 5 cows
Turn 405: 
> 209583
Grade: 6 cows
Turn 406: 
> 029583
Grade: 6 cows
Turn 407: 
> 059283
Grade: 6 cows
Turn 408: 
> 509283
Grade: 1 bull 5 cows
Turn 409: 
> 905283
Grade: 6 cows
Turn 410: 
> 095283
Grade: 6 cows
Turn 411: 
> 590283
Grade: 1 bull 5 cows
Turn 412: 
> 950283
Grade: 6 cows
Turn 413: 
> 952083
Grade: 1 bull 5 cows
Turn 414: 
> 592083
Grade: 2 bulls 4 cows
Turn 415: 
> 295083
Grade: 6 cows
Turn 416: 
> 925083
Grade: 6 cows
Turn 417: 
> 529083
Grade: 1 bull 5 cows
Turn 418: 
> 259083
Grade: 6 cows
Turn 419: 
> 859023
Grade: 6 cows
Turn 420: 
> 589023
Grade: 2 bulls 4 cows
Turn 421: 
> 985023
Grade: 1 bull 5 cows
Turn 422: 
> 895023
Grade: 6 cows
Turn 423: 
> 598023
Grade: 1 bull 5 cows
Turn 424: 
> 958023
Grade: 6 cows
Turn 425: 
> 058923
Grade: 1 bull 5 cows
Turn 426: 
> 508923
Grade: 2 bulls 4 cows
Turn 427: 
> 805923
Grade: 1 bull 5 cows
Turn 428: 
> 085923
Grade: 2 bulls 4 cows
Turn 429: 
> 580923
Grade: 3 bulls 3 cows
Turn 430: 
> 850923
Grade: 1 bull 5 cows
Turn 431: 
> 890523
Grade: 6 cows
Turn 432: 
> 980523
Grade: 1 bull 5 cows
Turn 433: 
> 089523
Grade: 1 bull 5 cows
Turn 434: 
> 809523
Grade: 6 cows
Turn 435: 
> 908523
Grade: 6 cows
Turn 436: 
> 098523
Grade: 6 cows
Turn 437: 
> 095823
Grade: 6 cows
Turn 438: 
> 905823
Grade: 6 cows
Turn 439: 
> 509823
Grade: 1 bull 5 cows
Turn 440: 
> 059823
Grade: 6 cows
Turn 441: 
> 950823
Grade: 6 cows
Turn 442: 
> 590823
Grade: 1 bull 5 cows
Turn 443: 
> 290853
Grade: 6 cows
Turn 444: 
> 920853
Grade: 6 cows
Turn 445: 
> 029853
Grade: 6 cows
Turn 446: 
> 209853
Grade: 6 cows
Turn 447: 
> 902853
Grade: 1 bull 5 cows
Turn 448: 
> 092853
Grade: 1 bull 5 cows
Turn 449: 
> 892053
Grade: 1 bull 5 cows
Turn 450: 
> 982053
Grade: 2 bulls 4 cows
Turn 451: 
> 289053
Grade: 1 bull 5 cows
Turn 452: 
> 829053
Grade: 6 cows
Turn 453: 
> 928053
Grade: 6 cows
Turn 454: 
> 298053
Grade: 6 cows
Turn 455: 
> 208953
Grade: 1 bull 5 cows
Turn 456: 
> 028953
Grade: 1 bull 5 cows
Turn 457: 
> 820953
Grade: 1 bull 5 cows
Turn 458: 
> 280953
Grade: 2 bulls 4 cows
Turn 459: 
> 082953
Grade: 3 bulls 3 cows
Turn 460: 
> 802953
Grade: 2 bulls 4 cows
Turn 461: 
> 809253
Grade: 6 cows
Turn 462: 
> 089253
Grade: 1 bull 5 cows
Turn 463: 
> 980253
Grade: 1 bull 5 cows
Turn 464: 
> 890253
Grade: 6 cows
Turn 465: 
> 098253
Grade: 6 cows
Turn 466: 
> 908253
Grade: 6 cows
Turn 467: 
> 508293
Grade: 1 bull 5 cows
Turn 468: 
> 058293
Grade: 6 cows
Turn 469: 
> 850293
Grade: 6 cows
Turn 470: 
> 580293
Grade: 2 bulls 4 cows
Turn 471: 
> 085293
Grade: 1 bull 5 cows
Turn 472: 
> 805293
Grade: 6 cows
Turn 473: 
> 205893
Grade: 6 cows
Turn 474: 
> 025893
Grade: 6 cows
Turn 475: 
> 520893
Grade: 1 bull 5 cows
Turn 476: 
> 250893
Grade: 6 cows
Turn 477: 
> 052893
Grade: 1 bull 5 cows
Turn 478: 
> 502893
Grade: 2 bulls 4 cows
Turn 479: 
> 582093
Grade: 3 bulls 3 cows
Turn 480: 
> 852093
Grade: 1 bull 5 cows
Turn 481: 
> 258093
Grade: 6 cows
Turn 482: 
> 528093
Grade: 1 bull 5 cows
Turn 483: 
> 825093
Grade: 6 cows
Turn 484: 
> 285093
Grade: 1 bull 5 cows
Turn 485: 
> 280593
Grade: 1 bull 5 cows
Turn 486: 
> 820593
Grade: 6 cows
Turn 487: 
> 028593
Grade: 6 cows
Turn 488: 
> 208593
Grade: 6 cows
Turn 489: 
> 802593
Grade: 1 bull 5 cows
Turn 490: 
> 082593
Grade: 2 bulls 4 cows
Turn 491: 
> 082395
Grade: 2 bulls 4 cows
Turn 492: 
> 802395
Grade: 1 bull 5 cows
Turn 493: 
> 208395
Grade: 6 cows
Turn 494: 
> 028395
Grade: 6 cows
Turn 495: 
> 820395
Grade: 6 cows
Turn 496: 
> 280395
Grade: 1 bull 5 cows
Turn 497: 
> 380295
Grade: 1 bull 5 cows
Turn 498: 
> 830295
Grade: 6 cows
Turn 499: 
> 038295
Grade: 6 cows
Turn 500: 
> 308295
Grade: 6 cows
Turn 501: 
> 803295
Grade: 6 cows
Turn 502: 
> 083295
Grade: 1 bull 5 cows
Turn 503: 
> 023895
Grade: 6 cows
Turn 504: 
> 203895
Grade: 6 cows
Turn 505: 
> 302895
Grade: 1 bull 5 cows
Turn 506: 
> 032895
Grade: 1 bull 5 cows
Turn 507: 
> 230895
Grade: 6 cows
Turn 508: 
> 320895
Grade: 6 cows
Turn 509: 
> 328095
Grade: 6 cows
Turn 510: 
> 238095
Grade: 6 cows
Turn 511: 
> 832095
Grade: 1 bull 5 cows
Turn 512: 
> 382095
Grade: 2 bulls 4 cows
Turn 513: 
> 283095
Grade: 1 bull 5 cows
Turn 514: 
> 823095
Grade: 6 cows
Turn 515: 
> 923085
Grade: 6 cows
Turn 516: 
> 293085
Grade: 6 cows
Turn 517: 
> 392085
Grade: 1 bull 5 cows
Turn 518: 
> 932085
Grade: 1 bull 5 cows
Turn 519: 
> 239085
Grade: 6 cows
Turn 520: 
> 329085
Grade: 6 cows
Turn 521: 
> 029385
Grade: 6 cows
Turn 522: 
> 209385
Grade: 6 cows
Turn 523: 
> 902385
Grade: 1 bull 5 cows
Turn 524: 
> 092385
Grade: 1 bull 5 cows
Turn 525: 
> 290385
Grade: 6 cows
Turn 526: 
> 920385
Grade: 6 cows
Turn 527: 
> 930285
Grade: 6 cows
Turn 528: 
> 390285
Grade: 6 cows
Turn 529: 
> 093285
Grade: 6 cows
Turn 530: 
> 903285
Grade: 6 cows
Turn 531: 
> 309285
Grade: 6 cows
Turn 532: 
> 039285
Grade: 6 cows
Turn 533: 
> 032985
Grade: 2 bulls 4 cows
Turn 534: 
> 302985
Grade: 2 bulls 4 cows
Turn 535: 
> 203985
Grade: 1 bull 5 cows
Turn 536: 
> 023985
Grade: 1 bull 5 cows
Turn 537: 
> 320985
Grade: 1 bull 5 cows
Turn 538: 
> 230985
Grade: 1 bull 5 cows
Turn 539: 
> 830925
Grade: 1 bull 5 cows
Turn 540: 
> 380925
Grade: 2 bulls 4 cows
Turn 541: 
> 083925
Grade: 2 bulls 4 cows
Turn 542: 
> 803925
Grade: 1 bull 5 cows
Turn 543: 
> 308925
Grade: 1 bull 5 cows
Turn 544: 
> 038925
Grade: 1 bull 5 cows
Turn 545: 
> 938025
Grade: 6 cows
Turn 546: 
> 398025
Grade: 6 cows
Turn 547: 
> 893025
Grade: 6 cows
Turn 548: 
> 983025
Grade: 1 bull 5 cows
Turn 549: 
> 389025
Grade: 1 bull 5 cows
Turn 550: 
> 839025
Grade: 6 cows
Turn 551: 
> 809325
Grade: 6 cows
Turn 552: 
> 089325
Grade: 1 bull 5 cows
Turn 553: 
> 980325
Grade: 1 bull 5 cows
Turn 554: 
> 890325
Grade: 6 cows
Turn 555: 
> 098325
Grade: 6 cows
Turn 556: 
> 908325
Grade: 6 cows
Turn 557: 
> 903825
Grade: 6 cows
Turn 558: 
> 093825
Grade: 6 cows
Turn 559: 
> 390825
Grade: 6 cows
Turn 560: 
> 930825
Grade: 6 cows
Turn 561: 
> 039825
Grade: 6 cows
Turn 562: 
> 309825
Grade: 6 cows
Turn 563: 
> 209835
Grade: 1 bull 5 cows
Turn 564: 
> 029835
Grade: 1 bull 5 cows
Turn 565: 
> 920835
Grade: 1 bull 5 cows
Turn 566: 
> 290835
Grade: 1 bull 5 cows
Turn 567: 
> 092835
Grade: 2 bulls 4 cows
Turn 568: 
> 902835
Grade: 2 bulls 4 cows
Turn 569: 
> 802935
Grade: 3 bulls 3 cows
Turn 570: 
> 082935
Grade: 4 bulls 2 cows
Turn 571: 
> 280935
Grade: 3 bulls 3 cows
Turn 572: 
> 820935
Grade: 2 bulls 4 cows
Turn 573: 
> 028935
Grade: 2 bulls 4 cows
Turn 574: 
> 208935
Grade: 2 bulls 4 cows
Turn 575: 
> 298035
Grade: 1 bull 5 cows
Turn 576: 
> 928035
Grade: 1 bull 5 cows
Turn 577: 
> 829035
Grade: 1 bull 5 cows
Turn 578: 
> 289035
Grade: 2 bulls 4 cows
Turn 579: 
> 982035
Grade: 3 bulls 3 cows
Turn 580: 
> 892035
Grade: 2 bulls 4 cows
Turn 581: 
> 890235
Grade: 1 bull 5 cows
Turn 582: 
> 980235
Grade: 2 bulls 4 cows
Turn 583: 
> 089235
Grade: 2 bulls 4 cows
Turn 584: 
> 809235
Grade: 1 bull 5 cows
Turn 585: 
> 908235
Grade: 1 bull 5 cows
Turn 586: 
> 098235
Grade: 1 bull 5 cows
Turn 587: 
> 398205
Grade: 6 cows
Turn 588: 
> 938205
Grade: 6 cows
Turn 589: 
> 839205
Grade: 6 cows
Turn 590: 
> 389205
Grade: 1 bull 5 cows
Turn 591: 
> 983205
Grade: 1 bull 5 cows
Turn 592: 
> 893205
Grade: 6 cows
Turn 593: 
> 293805
Grade: 6 cows
Turn 594: 
> 923805
Grade: 6 cows
Turn 595: 
> 329805
Grade: 6 cows
Turn 596: 
> 239805
Grade: 6 cows
Turn 597: 
> 932805
Grade: 1 bull 5 cows
Turn 598: 
> 392805
Grade: 1 bull 5 cows
Turn 599: 
> 382905
Grade: 3 bulls 3 cows
Turn 600: 
> 832905
Grade: 2 bulls 4 cows
Turn 601: 
> 238905
Grade: 1 bull 5 cows
Turn 602: 
> 328905
Grade: 1 bull 5 cows
Turn 603: 
> 823905
Grade: 1 bull 5 cows
Turn 604: 
> 283905
Grade: 2 bulls 4 cows
Turn 605: 
> 289305
Grade: 1 bull 5 cows
Turn 606: 
> 829305
Grade: 6 cows
Turn 607: 
> 928305
Grade: 6 cows
Turn 608: 
> 298305
Grade: 6 cows
Turn 609: 
> 892305
Grade: 1 bull 5 cows
Turn 610: 
> 982305
Grade: 2 bulls 4 cows
Turn 611: 
> 982350
Grade: 3 bulls 3 cows
Turn 612: 
> 892350
Grade: 2 bulls 4 cows
Turn 613: 
> 298350
Grade: 1 bull 5 cows
Turn 614: 
> 928350
Grade: 1 bull 5 cows
Turn 615: 
> 829350
Grade: 1 bull 5 cows
Turn 616: 
> 289350
Grade: 2 bulls 4 cows
Turn 617: 
> 389250
Grade: 2 bulls 4 cows
Turn 618: 
> 839250
Grade: 1 bull 5 cows
Turn 619: 
> 938250
Grade: 1 bull 5 cows
Turn 620: 
> 398250
Grade: 1 bull 5 cows
Turn 621: 
> 893250
Grade: 1 bull 5 cows
Turn 622: 
> 983250
Grade: 2 bulls 4 cows
Turn 623: 
> 923850
Grade: 1 bull 5 cows
Turn 624: 
> 293850
Grade: 1 bull 5 cows
Turn 625: 
> 392850
Grade: 2 bulls 4 cows
Turn 626: 
> 932850
Grade: 2 bulls 4 cows
Turn 627: 
> 239850
Grade: 1 bull 5 cows
Turn 628: 
> 329850
Grade: 1 bull 5 cows
Turn 629: 
> 328950
Grade: 2 bulls 4 cows
Turn 630: 
> 238950
Grade: 2 bulls 4 cows
Turn 631: 
> 832950
Grade: 3 bulls 3 cows
Turn 632: 
> 382950
Grade: 4 bulls 2 cows
Turn 633: 
> 283950
Grade: 3 bulls 3 cows
Turn 634: 
> 823950
Grade: 2 bulls 4 cows
Turn 635: 
> 523980
Grade: 3 bulls 3 cows
Turn 636: 
> 253980
Grade: 2 bulls 4 cows
Turn 637: 
> 352980
Grade: 3 bulls 3 cows
Turn 638: 
> 532980
Grade: 4 bulls 2 cows
Turn 639: 
> 235980
Grade: 2 bulls 4 cows
Turn 640: 
> 325980
Grade: 2 bulls 4 cows
Turn 641: 
> 925380
Grade: 1 bull 5 cows
Turn 642: 
> 295380
Grade: 1 bull 5 cows
Turn 643: 
> 592380
Grade: 3 bulls 3 cows
Turn 644: 
> 952380
Grade: 2 bulls 4 cows
Turn 645: 
> 259380
Grade: 1 bull 5 cows
Turn 646: 
> 529380
Grade: 2 bulls 4 cows
Turn 647: 
> 539280
Grade: 2 bulls 4 cows
Turn 648: 
> 359280
Grade: 1 bull 5 cows
Turn 649: 
> 953280
Grade: 1 bull 5 cows
Turn 650: 
> 593280
Grade: 2 bulls 4 cows
Turn 651: 
> 395280
Grade: 1 bull 5 cows
Turn 652: 
> 935280
Grade: 1 bull 5 cows
Turn 653: 
> 932580
Grade: 2 bulls 4 cows
Turn 654: 
> 392580
Grade: 2 bulls 4 cows
Turn 655: 
> 293580
Grade: 1 bull 5 cows
Turn 656: 
> 923580
Grade: 1 bull 5 cows
Turn 657: 
> 329580
Grade: 1 bull 5 cows
Turn 658: 
> 239580
Grade: 1 bull 5 cows
Turn 659: 
> 839520
Grade: 1 bull 5 cows
Turn 660: 
> 389520
Grade: 2 bulls 4 cows
Turn 661: 
> 983520
Grade: 2 bulls 4 cows
Turn 662: 
> 893520
Grade: 1 bull 5 cows
Turn 663: 
> 398520
Grade: 1 bull 5 cows
Turn 664: 
> 938520
Grade: 1 bull 5 cows
Turn 665: 
> 538920
Grade: 3 bulls 3 cows
Turn 666: 
> 358920
Grade: 2 bulls 4 cows
Turn 667: 
> 853920
Grade: 2 bulls 4 cows
Turn 668: 
> 583920
Grade: 4 bulls 2 cows
Turn 669: 
> 385920
Grade: 3 bulls 3 cows
Turn 670: 
> 835920
Grade: 2 bulls 4 cows
Turn 671: 
> 895320
Grade: 1 bull 5 cows
Turn 672: 
> 985320
Grade: 2 bulls 4 cows
Turn 673: 
> 589320
Grade: 3 bulls 3 cows
Turn 674: 
> 859320
Grade: 1 bull 5 cows
Turn 675: 
> 958320
Grade: 1 bull 5 cows
Turn 676: 
> 598320
Grade: 2 bulls 4 cows
Turn 677: 
> 593820
Grade: 2 bulls 4 cows
Turn 678: 
> 953820
Grade: 1 bull 5 cows
Turn 679: 
> 359820
Grade: 1 bull 5 cows
Turn 680: 
> 539820
Grade: 2 bulls 4 cows
Turn 681: 
> 935820
Grade: 1 bull 5 cows
Turn 682: 
> 395820
Grade: 1 bull 5 cows
Turn 683: 
> 295830
Grade: 2 bulls 4 cows
Turn 684: 
> 925830
Grade: 2 bulls 4 cows
Turn 685: 
> 529830
Grade: 3 bulls 3 cows
Turn 686: 
> 259830
Grade: 2 bulls 4 cows
Turn 687: 
> 952830
Grade: 3 bulls 3 cows
Turn 688: 
> 592830
Grade: 4 bulls 2 cows
Turn 689: 
> 892530
Grade: 3 bulls 3 cows
Turn 690: 
> 982530
Grade: 4 bulls 2 cows
Turn 691: 
> 289530
Grade: 3 bulls 3 cows
Turn 692: 
> 829530
Grade: 2 bulls 4 cows
Turn 693: 
> 928530
Grade: 2 bulls 4 cows
Turn 694: 
> 298530
Grade: 2 bulls 4 cows
Turn 695: 
> 258930
Grade: 3 bulls 3 cows
Turn 696: 
> 528930
Grade: 4 bulls 2 cows
Turn 697: 
> 825930
Grade: 3 bulls 3 cows
Turn 698: 
> 285930
Grade: 4 bulls 2 cows
Turn 699: 
> 582930
Grade: 6 bulls.
?[1;31m
Start test 4?[0m
Input the length of the secret code:
> 11
Input the number of possible symbols in the code:
> 10
?[1;31m
Start test 5?[0m
Input the length of the secret code:
> 4
Input the number of possible symbols in the code:
> 16
The secret code is prepared: **** (0-9, a-f).
Okay, let's start a game!
Turn 1: 
> 0000
Grade: None
Turn 2: 
> 1111
Grade: None
Turn 3: 
> 2222
Grade: None
Turn 4: 
> 3333
Grade: 1 bull
Turn 5: 
> 4444
Grade: None
Turn 6: 
> 5555
Grade: 1 bull
Turn 7: 
> 6666
Grade: 1 bull
Turn 8: 
> 7777
Grade: None
Turn 9: 
> 8888
Grade: None
Turn 10: 
> 9999
Grade: None
Turn 11: 
> aaaa
Grade: None
Turn 12: 
> bbbb
Grade: 1 bull
Turn 13: 
> 356b
Grade: 1 bull 3 cows
Turn 14: 
> 536b
Grade: 2 bulls 2 cows
Turn 15: 
> 635b
Grade: 4 bulls.
?[1;31m
Start test 6?[0m
Input the length of the secret code:
> 6
Input the number of possible symbols in the code:
> 36
The secret code is prepared: ****** (0-9, a-z).
Okay, let's start a game!
Turn 1: 
> 000000
Grade: None
Turn 2: 
> 111111
Grade: None
Turn 3: 
> 222222
Grade: None
Turn 4: 
> 333333
Grade: 1 bull
Turn 5: 
> 444444
Grade: 1 bull
Turn 6: 
> 555555
Grade: 1 bull
Turn 7: 
> 666666
Grade: None
Turn 8: 
> 777777
Grade: None
Turn 9: 
> 888888
Grade: None
Turn 10: 
> 999999
Grade: None
Turn 11: 
> aaaaaa
Grade: None
Turn 12: 
> bbbbbb
Grade: None
Turn 13: 
> cccccc
Grade: None
Turn 14: 
> dddddd
Grade: None
Turn 15: 
> eeeeee
Grade: None
Turn 16: 
> ffffff
Grade: None
Turn 17: 
> gggggg
Grade: 1 bull
Turn 18: 
> hhhhhh
Grade: None
Turn 19: 
> iiiiii
Grade: None
Turn 20: 
> jjjjjj
Grade: None
Turn 21: 
> kkkkkk
Grade: None
Turn 22: 
> llllll
Grade: None
Turn 23: 
> mmmmmm
Grade: None
Turn 24: 
> nnnnnn
Grade: None
Turn 25: 
> oooooo
Grade: None
Turn 26: 
> pppppp
Grade: None
Turn 27: 
> qqqqqq
Grade: 1 bull
Turn 28: 
> rrrrrr
Grade: None
Turn 29: 
> ssssss
Grade: None
Turn 30: 
> tttttt
Grade: None
Turn 31: 
> uuuuuu
Grade: None
Turn 32: 
> vvvvvv
Grade: None
Turn 33: 
> wwwwww
Grade: None
Turn 34: 
> xxxxxx
Grade: None
Turn 35: 
> yyyyyy
Grade: 1 bull
Turn 36: 
> 345gqy
Grade: 3 bulls 3 cows
Turn 37: 
> 435gqy
Grade: 4 bulls 2 cows
Turn 38: 
> 534gqy
Grade: 3 bulls 3 cows
Turn 39: 
> 354gqy
Grade: 2 bulls 4 cows
Turn 40: 
> 453gqy
Grade: 2 bulls 4 cows
Turn 41: 
> 543gqy
Grade: 2 bulls 4 cows
Turn 42: 
> g435qy
Grade: 1 bull 5 cows
Turn 43: 
> 4g35qy
Grade: 1 bull 5 cows
Turn 44: 
> 3g45qy
Grade: 1 bull 5 cows
Turn 45: 
> g345qy
Grade: 2 bulls 4 cows
Turn 46: 
> 43g5qy
Grade: 2 bulls 4 cows
Turn 47: 
> 34g5qy
Grade: 1 bull 5 cows
Turn 48: 
> 35g4qy
Grade: 1 bull 5 cows
Turn 49: 
> 53g4qy
Grade: 2 bulls 4 cows
Turn 50: 
> g354qy
Grade: 3 bulls 3 cows
Turn 51: 
> 3g54qy
Grade: 2 bulls 4 cows
Turn 52: 
> 5g34qy
Grade: 1 bull 5 cows
Turn 53: 
> g534qy
Grade: 1 bull 5 cows
Turn 54: 
> g543qy
Grade: 1 bull 5 cows
Turn 55: 
> 5g43qy
Grade: 1 bull 5 cows
Turn 56: 
> 4g53qy
Grade: 2 bulls 4 cows
Turn 57: 
> g453qy
Grade: 2 bulls 4 cows
Turn 58: 
> 54g3qy
Grade: 1 bull 5 cows
Turn 59: 
> 45g3qy
Grade: 1 bull 5 cows
Turn 60: 
> q5g34y
Grade: 3 bulls 3 cows
Turn 61: 
> 5qg34y
Grade: 2 bulls 4 cows
Turn 62: 
> gq534y
Grade: 3 bulls 3 cows
Turn 63: 
> qg534y
Grade: 4 bulls 2 cows
Turn 64: 
> 5gq34y
Grade: 2 bulls 4 cows
Turn 65: 
> g5q34y
Grade: 2 bulls 4 cows
Turn 66: 
> 35qg4y
Grade: 3 bulls 3 cows
Turn 67: 
> 53qg4y
Grade: 4 bulls 2 cows
Turn 68: 
> q35g4y
Grade: 6 bulls.
?[1;31m
Start test 7?[0m
Input the length of the secret code:
> 0
Error: code length must be at least 1
?[1;31m
Start test 8?[0m
Input the length of the secret code:
> 10
Input the number of possible symbols in the code:
> 9
?[1;31m
Start test 9?[0m
Input the length of the secret code:
> 9
Input the number of possible symbols in the code:
> 37
Error: maximum number of possible symbols in the code is 36 (0-9, a-z).
?[1;31m
Start test 10?[0m
Input the length of the secret code:
> abcdefg 1 -6
]]></system-out>
  <system-err><![CDATA[]]></system-err>
</testsuite>
